ARM GAS  C:\Users\jissyai\AppData\Local\Temp\cc2PS6MV.s 			page 1


   1              		.syntax unified
   2              		.cpu cortex-m3
   3              		.fpu softvfp
   4              		.eabi_attribute 20, 1
   5              		.eabi_attribute 21, 1
   6              		.eabi_attribute 23, 3
   7              		.eabi_attribute 24, 1
   8              		.eabi_attribute 25, 1
   9              		.eabi_attribute 26, 1
  10              		.eabi_attribute 30, 6
  11              		.eabi_attribute 34, 1
  12              		.eabi_attribute 18, 4
  13              		.thumb
  14              		.file	"cymetadata.c"
  15              		.text
  16              	.Ltext0:
  17              		.cfi_sections	.debug_frame
  18              		.global	cy_meta_configecc
  19              		.section	.cyconfigecc,"a",%progbits
  20              		.align	2
  21              		.type	cy_meta_configecc, %object
  22              		.size	cy_meta_configecc, 304
  23              	cy_meta_configecc:
  24 0000 01       		.byte	1
  25 0001 45       		.byte	69
  26 0002 00       		.byte	0
  27 0003 40       		.byte	64
  28 0004 02       		.byte	2
  29 0005 52       		.byte	82
  30 0006 00       		.byte	0
  31 0007 40       		.byte	64
  32 0008 07       		.byte	7
  33 0009 02       		.byte	2
  34 000a 01       		.byte	1
  35 000b 40       		.byte	64
  36 000c 06       		.byte	6
  37 000d 03       		.byte	3
  38 000e 01       		.byte	1
  39 000f 40       		.byte	64
  40 0010 01       		.byte	1
  41 0011 05       		.byte	5
  42 0012 01       		.byte	1
  43 0013 40       		.byte	64
  44 0014 01       		.byte	1
  45 0015 0B       		.byte	11
  46 0016 01       		.byte	1
  47 0017 40       		.byte	64
  48 0018 01       		.byte	1
  49 0019 0D       		.byte	13
  50 001a 01       		.byte	1
  51 001b 40       		.byte	64
  52 001c 01       		.byte	1
  53 001d 15       		.byte	21
  54 001e 01       		.byte	1
  55 001f 40       		.byte	64
  56 0020 02       		.byte	2
  57 0021 17       		.byte	23
ARM GAS  C:\Users\jissyai\AppData\Local\Temp\cc2PS6MV.s 			page 2


  58 0022 01       		.byte	1
  59 0023 40       		.byte	64
  60 0024 02       		.byte	2
  61 0025 19       		.byte	25
  62 0026 01       		.byte	1
  63 0027 40       		.byte	64
  64 0028 01       		.byte	1
  65 0029 1B       		.byte	27
  66 002a 01       		.byte	1
  67 002b 40       		.byte	64
  68 002c 03       		.byte	3
  69 002d 40       		.byte	64
  70 002e 01       		.byte	1
  71 002f 40       		.byte	64
  72 0030 08       		.byte	8
  73 0031 41       		.byte	65
  74 0032 01       		.byte	1
  75 0033 40       		.byte	64
  76 0034 03       		.byte	3
  77 0035 42       		.byte	66
  78 0036 01       		.byte	1
  79 0037 40       		.byte	64
  80 0038 03       		.byte	3
  81 0039 43       		.byte	67
  82 003a 01       		.byte	1
  83 003b 40       		.byte	64
  84 003c 05       		.byte	5
  85 003d 44       		.byte	68
  86 003e 01       		.byte	1
  87 003f 40       		.byte	64
  88 0040 04       		.byte	4
  89 0041 45       		.byte	69
  90 0042 01       		.byte	1
  91 0043 40       		.byte	64
  92 0044 04       		.byte	4
  93 0045 46       		.byte	70
  94 0046 01       		.byte	1
  95 0047 40       		.byte	64
  96 0048 05       		.byte	5
  97 0049 47       		.byte	71
  98 004a 01       		.byte	1
  99 004b 40       		.byte	64
 100 004c 06       		.byte	6
 101 004d 48       		.byte	72
 102 004e 01       		.byte	1
 103 004f 40       		.byte	64
 104 0050 01       		.byte	1
 105 0051 49       		.byte	73
 106 0052 01       		.byte	1
 107 0053 40       		.byte	64
 108 0054 03       		.byte	3
 109 0055 4C       		.byte	76
 110 0056 01       		.byte	1
 111 0057 40       		.byte	64
 112 0058 02       		.byte	2
 113 0059 4D       		.byte	77
 114 005a 01       		.byte	1
ARM GAS  C:\Users\jissyai\AppData\Local\Temp\cc2PS6MV.s 			page 3


 115 005b 40       		.byte	64
 116 005c 02       		.byte	2
 117 005d 50       		.byte	80
 118 005e 01       		.byte	1
 119 005f 40       		.byte	64
 120 0060 01       		.byte	1
 121 0061 51       		.byte	81
 122 0062 01       		.byte	1
 123 0063 40       		.byte	64
 124 0064 7E       		.byte	126
 125 0065 02       		.byte	2
 126 0066 01       		.byte	1
 127 0067 20       		.byte	32
 128 0068 7C       		.byte	124
 129 0069 40       		.byte	64
 130 006a B8       		.byte	-72
 131 006b 80       		.byte	-128
 132 006c BE       		.byte	-66
 133 006d 40       		.byte	64
 134 006e D6       		.byte	-42
 135 006f 08       		.byte	8
 136 0070 D8       		.byte	-40
 137 0071 04       		.byte	4
 138 0072 DB       		.byte	-37
 139 0073 04       		.byte	4
 140 0074 DD       		.byte	-35
 141 0075 90       		.byte	-112
 142 0076 DF       		.byte	-33
 143 0077 01       		.byte	1
 144 0078 18       		.byte	24
 145 0079 02       		.byte	2
 146 007a 58       		.byte	88
 147 007b 40       		.byte	64
 148 007c 98       		.byte	-104
 149 007d 40       		.byte	64
 150 007e B0       		.byte	-80
 151 007f 40       		.byte	64
 152 0080 D6       		.byte	-42
 153 0081 08       		.byte	8
 154 0082 EA       		.byte	-22
 155 0083 02       		.byte	2
 156 0084 B4       		.byte	-76
 157 0085 01       		.byte	1
 158 0086 E8       		.byte	-24
 159 0087 40       		.byte	64
 160 0088 EA       		.byte	-22
 161 0089 82       		.byte	-126
 162 008a EC       		.byte	-20
 163 008b 10       		.byte	16
 164 008c EA       		.byte	-22
 165 008d 02       		.byte	2
 166 008e EE       		.byte	-18
 167 008f 0A       		.byte	10
 168 0090 EA       		.byte	-22
 169 0091 02       		.byte	2
 170 0092 EE       		.byte	-18
 171 0093 0A       		.byte	10
ARM GAS  C:\Users\jissyai\AppData\Local\Temp\cc2PS6MV.s 			page 4


 172 0094 EC       		.byte	-20
 173 0095 10       		.byte	16
 174 0096 33       		.byte	51
 175 0097 81       		.byte	-127
 176 0098 36       		.byte	54
 177 0099 40       		.byte	64
 178 009a CC       		.byte	-52
 179 009b 70       		.byte	112
 180 009c 63       		.byte	99
 181 009d 04       		.byte	4
 182 009e 93       		.byte	-109
 183 009f 04       		.byte	4
 184 00a0 9F       		.byte	-97
 185 00a1 01       		.byte	1
 186 00a2 A6       		.byte	-90
 187 00a3 40       		.byte	64
 188 00a4 A7       		.byte	-89
 189 00a5 80       		.byte	-128
 190 00a6 AF       		.byte	-81
 191 00a7 04       		.byte	4
 192 00a8 D8       		.byte	-40
 193 00a9 40       		.byte	64
 194 00aa EA       		.byte	-22
 195 00ab 40       		.byte	64
 196 00ac 9F       		.byte	-97
 197 00ad 01       		.byte	1
 198 00ae A6       		.byte	-90
 199 00af 40       		.byte	64
 200 00b0 A7       		.byte	-89
 201 00b1 80       		.byte	-128
 202 00b2 9F       		.byte	-97
 203 00b3 01       		.byte	1
 204 00b4 A6       		.byte	-90
 205 00b5 40       		.byte	64
 206 00b6 A7       		.byte	-89
 207 00b7 80       		.byte	-128
 208 00b8 05       		.byte	5
 209 00b9 02       		.byte	2
 210 00ba 07       		.byte	7
 211 00bb 20       		.byte	32
 212 00bc 7C       		.byte	124
 213 00bd 20       		.byte	32
 214 00be C0       		.byte	-64
 215 00bf 04       		.byte	4
 216 00c0 DE       		.byte	-34
 217 00c1 01       		.byte	1
 218 00c2 9C       		.byte	-100
 219 00c3 20       		.byte	32
 220 00c4 AF       		.byte	-81
 221 00c5 20       		.byte	32
 222 00c6 B1       		.byte	-79
 223 00c7 02       		.byte	2
 224 00c8 EA       		.byte	-22
 225 00c9 01       		.byte	1
 226 00ca 45       		.byte	69
 227 00cb 08       		.byte	8
 228 00cc B4       		.byte	-76
ARM GAS  C:\Users\jissyai\AppData\Local\Temp\cc2PS6MV.s 			page 5


 229 00cd 20       		.byte	32
 230 00ce D0       		.byte	-48
 231 00cf 01       		.byte	1
 232 00d0 E8       		.byte	-24
 233 00d1 02       		.byte	2
 234 00d2 08       		.byte	8
 235 00d3 08       		.byte	8
 236 00d4 0B       		.byte	11
 237 00d5 04       		.byte	4
 238 00d6 0F       		.byte	15
 239 00d7 40       		.byte	64
 240 00d8 A5       		.byte	-91
 241 00d9 08       		.byte	8
 242 00da C2       		.byte	-62
 243 00db 0E       		.byte	14
 244 00dc 25       		.byte	37
 245 00dd 10       		.byte	16
 246 00de AE       		.byte	-82
 247 00df 40       		.byte	64
 248 00e0 AF       		.byte	-81
 249 00e1 81       		.byte	-127
 250 00e2 C8       		.byte	-56
 251 00e3 20       		.byte	32
 252 00e4 EA       		.byte	-22
 253 00e5 40       		.byte	64
 254 00e6 EE       		.byte	-18
 255 00e7 50       		.byte	80
 256 00e8 B5       		.byte	-75
 257 00e9 10       		.byte	16
 258 00ea A5       		.byte	-91
 259 00eb 08       		.byte	8
 260 00ec AC       		.byte	-84
 261 00ed 08       		.byte	8
 262 00ee AF       		.byte	-81
 263 00ef 44       		.byte	68
 264 00f0 B5       		.byte	-75
 265 00f1 08       		.byte	8
 266 00f2 EC       		.byte	-20
 267 00f3 08       		.byte	8
 268 00f4 01       		.byte	1
 269 00f5 01       		.byte	1
 270 00f6 09       		.byte	9
 271 00f7 01       		.byte	1
 272 00f8 00       		.byte	0
 273 00f9 2A       		.byte	42
 274 00fa 00       		.byte	0
 275 00fb 00       		.byte	0
 276 00fc 00       		.byte	0
 277 00fd 20       		.byte	32
 278 00fe 20       		.byte	32
 279 00ff 00       		.byte	0
 280 0100 20       		.byte	32
 281 0101 00       		.byte	0
 282 0102 00       		.byte	0
 283 0103 00       		.byte	0
 284 0104 00       		.byte	0
 285 0105 00       		.byte	0
ARM GAS  C:\Users\jissyai\AppData\Local\Temp\cc2PS6MV.s 			page 6


 286 0106 00       		.byte	0
 287 0107 00       		.byte	0
 288 0108 00       		.byte	0
 289 0109 00       		.byte	0
 290 010a 00       		.byte	0
 291 010b 00       		.byte	0
 292 010c C0       		.byte	-64
 293 010d 00       		.byte	0
 294 010e 00       		.byte	0
 295 010f 00       		.byte	0
 296 0110 00       		.byte	0
 297 0111 04       		.byte	4
 298 0112 00       		.byte	0
 299 0113 00       		.byte	0
 300 0114 00       		.byte	0
 301 0115 00       		.byte	0
 302 0116 00       		.byte	0
 303 0117 00       		.byte	0
 304 0118 00       		.byte	0
 305 0119 7F       		.byte	127
 306 011a 7F       		.byte	127
 307 011b 00       		.byte	0
 308 011c 00       		.byte	0
 309 011d 00       		.byte	0
 310 011e 00       		.byte	0
 311 011f 00       		.byte	0
 312 0120 02       		.byte	2
 313 0121 00       		.byte	0
 314 0122 02       		.byte	2
 315 0123 02       		.byte	2
 316 0124 00       		.byte	0
 317 0125 00       		.byte	0
 318 0126 00       		.byte	0
 319 0127 00       		.byte	0
 320 0128 20       		.byte	32
 321 0129 00       		.byte	0
 322 012a 00       		.byte	0
 323 012b 00       		.byte	0
 324 012c 14       		.byte	20
 325 012d 00       		.byte	0
 326 012e 18       		.byte	24
 327 012f 01       		.byte	1
 328              		.global	cy_meta_custnvl
 329              		.section	.cycustnvl,"a",%progbits
 330              		.align	2
 331              		.type	cy_meta_custnvl, %object
 332              		.size	cy_meta_custnvl, 4
 333              	cy_meta_custnvl:
 334 0000 08       		.byte	8
 335 0001 00       		.byte	0
 336 0002 C0       		.byte	-64
 337 0003 05       		.byte	5
 338              		.global	cy_meta_wonvl
 339              		.section	.cywolatch,"a",%progbits
 340              		.align	2
 341              		.type	cy_meta_wonvl, %object
 342              		.size	cy_meta_wonvl, 4
ARM GAS  C:\Users\jissyai\AppData\Local\Temp\cc2PS6MV.s 			page 7


 343              	cy_meta_wonvl:
 344 0000 BC       		.byte	-68
 345 0001 90       		.byte	-112
 346 0002 AC       		.byte	-84
 347 0003 AF       		.byte	-81
 348              		.global	cy_meta_flashprotect
 349              		.section	.cyflashprotect,"a",%progbits
 350              		.align	2
 351              		.type	cy_meta_flashprotect, %object
 352              		.size	cy_meta_flashprotect, 256
 353              	cy_meta_flashprotect:
 354 0000 00000000 		.space	256
 354      00000000 
 354      00000000 
 354      00000000 
 354      00000000 
 355              		.global	cy_metadata
 356              		.section	.cymeta,"a",%progbits
 357              		.align	2
 358              		.type	cy_metadata, %object
 359              		.size	cy_metadata, 12
 360              	cy_metadata:
 361 0000 00       		.byte	0
 362 0001 01       		.byte	1
 363 0002 2E       		.byte	46
 364 0003 12       		.byte	18
 365 0004 30       		.byte	48
 366 0005 69       		.byte	105
 367 0006 00       		.byte	0
 368 0007 01       		.byte	1
 369 0008 00       		.byte	0
 370 0009 00       		.byte	0
 371 000a 00       		.byte	0
 372 000b 00       		.byte	0
 373              		.text
 374              	.Letext0:
 375              		.file 1 ".\\Generated_Source\\PSoC5\\cymetadata.c"
 376              		.file 2 ".\\Generated_Source\\PSoC5\\cytypes.h"
 377              		.section	.debug_info,"",%progbits
 378              	.Ldebug_info0:
 379 0000 3B010000 		.4byte	0x13b
 380 0004 0200     		.2byte	0x2
 381 0006 00000000 		.4byte	.Ldebug_abbrev0
 382 000a 04       		.byte	0x4
 383 000b 01       		.uleb128 0x1
 384 000c 4C010000 		.4byte	.LASF18
 385 0010 01       		.byte	0x1
 386 0011 00000000 		.4byte	.LASF19
 387 0015 38000000 		.4byte	.LASF20
 388 0019 00000000 		.4byte	.Ldebug_line0
 389 001d 02       		.uleb128 0x2
 390 001e 01       		.byte	0x1
 391 001f 06       		.byte	0x6
 392 0020 9E010000 		.4byte	.LASF0
 393 0024 02       		.uleb128 0x2
 394 0025 01       		.byte	0x1
 395 0026 08       		.byte	0x8
ARM GAS  C:\Users\jissyai\AppData\Local\Temp\cc2PS6MV.s 			page 8


 396 0027 7D000000 		.4byte	.LASF1
 397 002b 02       		.uleb128 0x2
 398 002c 02       		.byte	0x2
 399 002d 05       		.byte	0x5
 400 002e 3C010000 		.4byte	.LASF2
 401 0032 02       		.uleb128 0x2
 402 0033 02       		.byte	0x2
 403 0034 07       		.byte	0x7
 404 0035 9D000000 		.4byte	.LASF3
 405 0039 02       		.uleb128 0x2
 406 003a 04       		.byte	0x4
 407 003b 05       		.byte	0x5
 408 003c 95010000 		.4byte	.LASF4
 409 0040 02       		.uleb128 0x2
 410 0041 04       		.byte	0x4
 411 0042 07       		.byte	0x7
 412 0043 8B000000 		.4byte	.LASF5
 413 0047 02       		.uleb128 0x2
 414 0048 08       		.byte	0x8
 415 0049 05       		.byte	0x5
 416 004a 29010000 		.4byte	.LASF6
 417 004e 02       		.uleb128 0x2
 418 004f 08       		.byte	0x8
 419 0050 07       		.byte	0x7
 420 0051 E6000000 		.4byte	.LASF7
 421 0055 03       		.uleb128 0x3
 422 0056 04       		.byte	0x4
 423 0057 05       		.byte	0x5
 424 0058 696E7400 		.ascii	"int\000"
 425 005c 02       		.uleb128 0x2
 426 005d 04       		.byte	0x4
 427 005e 07       		.byte	0x7
 428 005f D9000000 		.4byte	.LASF8
 429 0063 04       		.uleb128 0x4
 430 0064 46010000 		.4byte	.LASF21
 431 0068 02       		.byte	0x2
 432 0069 5B       		.byte	0x5b
 433 006a 24000000 		.4byte	0x24
 434 006e 02       		.uleb128 0x2
 435 006f 04       		.byte	0x4
 436 0070 04       		.byte	0x4
 437 0071 32000000 		.4byte	.LASF9
 438 0075 02       		.uleb128 0x2
 439 0076 08       		.byte	0x8
 440 0077 04       		.byte	0x4
 441 0078 B0000000 		.4byte	.LASF10
 442 007c 02       		.uleb128 0x2
 443 007d 01       		.byte	0x1
 444 007e 08       		.byte	0x8
 445 007f 37010000 		.4byte	.LASF11
 446 0083 05       		.uleb128 0x5
 447 0084 63000000 		.4byte	0x63
 448 0088 94000000 		.4byte	0x94
 449 008c 06       		.uleb128 0x6
 450 008d 94000000 		.4byte	0x94
 451 0091 2F01     		.2byte	0x12f
 452 0093 00       		.byte	0
ARM GAS  C:\Users\jissyai\AppData\Local\Temp\cc2PS6MV.s 			page 9


 453 0094 02       		.uleb128 0x2
 454 0095 04       		.byte	0x4
 455 0096 07       		.byte	0x7
 456 0097 20010000 		.4byte	.LASF12
 457 009b 07       		.uleb128 0x7
 458 009c C7000000 		.4byte	.LASF13
 459 00a0 01       		.byte	0x1
 460 00a1 1C       		.byte	0x1c
 461 00a2 AD000000 		.4byte	0xad
 462 00a6 01       		.byte	0x1
 463 00a7 05       		.byte	0x5
 464 00a8 03       		.byte	0x3
 465 00a9 00000000 		.4byte	cy_meta_configecc
 466 00ad 08       		.uleb128 0x8
 467 00ae 83000000 		.4byte	0x83
 468 00b2 05       		.uleb128 0x5
 469 00b3 63000000 		.4byte	0x63
 470 00b7 C2000000 		.4byte	0xc2
 471 00bb 09       		.uleb128 0x9
 472 00bc 94000000 		.4byte	0x94
 473 00c0 03       		.byte	0x3
 474 00c1 00       		.byte	0
 475 00c2 07       		.uleb128 0x7
 476 00c3 B7000000 		.4byte	.LASF14
 477 00c7 01       		.byte	0x1
 478 00c8 4C       		.byte	0x4c
 479 00c9 D4000000 		.4byte	0xd4
 480 00cd 01       		.byte	0x1
 481 00ce 05       		.byte	0x5
 482 00cf 03       		.byte	0x3
 483 00d0 00000000 		.4byte	cy_meta_custnvl
 484 00d4 08       		.uleb128 0x8
 485 00d5 B2000000 		.4byte	0xb2
 486 00d9 07       		.uleb128 0x7
 487 00da 12010000 		.4byte	.LASF15
 488 00de 01       		.byte	0x1
 489 00df 57       		.byte	0x57
 490 00e0 EB000000 		.4byte	0xeb
 491 00e4 01       		.byte	0x1
 492 00e5 05       		.byte	0x5
 493 00e6 03       		.byte	0x3
 494 00e7 00000000 		.4byte	cy_meta_wonvl
 495 00eb 08       		.uleb128 0x8
 496 00ec B2000000 		.4byte	0xb2
 497 00f0 05       		.uleb128 0x5
 498 00f1 63000000 		.4byte	0x63
 499 00f5 00010000 		.4byte	0x100
 500 00f9 09       		.uleb128 0x9
 501 00fa 94000000 		.4byte	0x94
 502 00fe FF       		.byte	0xff
 503 00ff 00       		.byte	0
 504 0100 07       		.uleb128 0x7
 505 0101 FD000000 		.4byte	.LASF16
 506 0105 01       		.byte	0x1
 507 0106 62       		.byte	0x62
 508 0107 12010000 		.4byte	0x112
 509 010b 01       		.byte	0x1
ARM GAS  C:\Users\jissyai\AppData\Local\Temp\cc2PS6MV.s 			page 10


 510 010c 05       		.byte	0x5
 511 010d 03       		.byte	0x3
 512 010e 00000000 		.4byte	cy_meta_flashprotect
 513 0112 08       		.uleb128 0x8
 514 0113 F0000000 		.4byte	0xf0
 515 0117 05       		.uleb128 0x5
 516 0118 63000000 		.4byte	0x63
 517 011c 27010000 		.4byte	0x127
 518 0120 09       		.uleb128 0x9
 519 0121 94000000 		.4byte	0x94
 520 0125 0B       		.byte	0xb
 521 0126 00       		.byte	0
 522 0127 07       		.uleb128 0x7
 523 0128 26000000 		.4byte	.LASF17
 524 012c 01       		.byte	0x1
 525 012d 8C       		.byte	0x8c
 526 012e 39010000 		.4byte	0x139
 527 0132 01       		.byte	0x1
 528 0133 05       		.byte	0x5
 529 0134 03       		.byte	0x3
 530 0135 00000000 		.4byte	cy_metadata
 531 0139 08       		.uleb128 0x8
 532 013a 17010000 		.4byte	0x117
 533 013e 00       		.byte	0
 534              		.section	.debug_abbrev,"",%progbits
 535              	.Ldebug_abbrev0:
 536 0000 01       		.uleb128 0x1
 537 0001 11       		.uleb128 0x11
 538 0002 01       		.byte	0x1
 539 0003 25       		.uleb128 0x25
 540 0004 0E       		.uleb128 0xe
 541 0005 13       		.uleb128 0x13
 542 0006 0B       		.uleb128 0xb
 543 0007 03       		.uleb128 0x3
 544 0008 0E       		.uleb128 0xe
 545 0009 1B       		.uleb128 0x1b
 546 000a 0E       		.uleb128 0xe
 547 000b 10       		.uleb128 0x10
 548 000c 06       		.uleb128 0x6
 549 000d 00       		.byte	0
 550 000e 00       		.byte	0
 551 000f 02       		.uleb128 0x2
 552 0010 24       		.uleb128 0x24
 553 0011 00       		.byte	0
 554 0012 0B       		.uleb128 0xb
 555 0013 0B       		.uleb128 0xb
 556 0014 3E       		.uleb128 0x3e
 557 0015 0B       		.uleb128 0xb
 558 0016 03       		.uleb128 0x3
 559 0017 0E       		.uleb128 0xe
 560 0018 00       		.byte	0
 561 0019 00       		.byte	0
 562 001a 03       		.uleb128 0x3
 563 001b 24       		.uleb128 0x24
 564 001c 00       		.byte	0
 565 001d 0B       		.uleb128 0xb
 566 001e 0B       		.uleb128 0xb
ARM GAS  C:\Users\jissyai\AppData\Local\Temp\cc2PS6MV.s 			page 11


 567 001f 3E       		.uleb128 0x3e
 568 0020 0B       		.uleb128 0xb
 569 0021 03       		.uleb128 0x3
 570 0022 08       		.uleb128 0x8
 571 0023 00       		.byte	0
 572 0024 00       		.byte	0
 573 0025 04       		.uleb128 0x4
 574 0026 16       		.uleb128 0x16
 575 0027 00       		.byte	0
 576 0028 03       		.uleb128 0x3
 577 0029 0E       		.uleb128 0xe
 578 002a 3A       		.uleb128 0x3a
 579 002b 0B       		.uleb128 0xb
 580 002c 3B       		.uleb128 0x3b
 581 002d 0B       		.uleb128 0xb
 582 002e 49       		.uleb128 0x49
 583 002f 13       		.uleb128 0x13
 584 0030 00       		.byte	0
 585 0031 00       		.byte	0
 586 0032 05       		.uleb128 0x5
 587 0033 01       		.uleb128 0x1
 588 0034 01       		.byte	0x1
 589 0035 49       		.uleb128 0x49
 590 0036 13       		.uleb128 0x13
 591 0037 01       		.uleb128 0x1
 592 0038 13       		.uleb128 0x13
 593 0039 00       		.byte	0
 594 003a 00       		.byte	0
 595 003b 06       		.uleb128 0x6
 596 003c 21       		.uleb128 0x21
 597 003d 00       		.byte	0
 598 003e 49       		.uleb128 0x49
 599 003f 13       		.uleb128 0x13
 600 0040 2F       		.uleb128 0x2f
 601 0041 05       		.uleb128 0x5
 602 0042 00       		.byte	0
 603 0043 00       		.byte	0
 604 0044 07       		.uleb128 0x7
 605 0045 34       		.uleb128 0x34
 606 0046 00       		.byte	0
 607 0047 03       		.uleb128 0x3
 608 0048 0E       		.uleb128 0xe
 609 0049 3A       		.uleb128 0x3a
 610 004a 0B       		.uleb128 0xb
 611 004b 3B       		.uleb128 0x3b
 612 004c 0B       		.uleb128 0xb
 613 004d 49       		.uleb128 0x49
 614 004e 13       		.uleb128 0x13
 615 004f 3F       		.uleb128 0x3f
 616 0050 0C       		.uleb128 0xc
 617 0051 02       		.uleb128 0x2
 618 0052 0A       		.uleb128 0xa
 619 0053 00       		.byte	0
 620 0054 00       		.byte	0
 621 0055 08       		.uleb128 0x8
 622 0056 26       		.uleb128 0x26
 623 0057 00       		.byte	0
ARM GAS  C:\Users\jissyai\AppData\Local\Temp\cc2PS6MV.s 			page 12


 624 0058 49       		.uleb128 0x49
 625 0059 13       		.uleb128 0x13
 626 005a 00       		.byte	0
 627 005b 00       		.byte	0
 628 005c 09       		.uleb128 0x9
 629 005d 21       		.uleb128 0x21
 630 005e 00       		.byte	0
 631 005f 49       		.uleb128 0x49
 632 0060 13       		.uleb128 0x13
 633 0061 2F       		.uleb128 0x2f
 634 0062 0B       		.uleb128 0xb
 635 0063 00       		.byte	0
 636 0064 00       		.byte	0
 637 0065 00       		.byte	0
 638              		.section	.debug_aranges,"",%progbits
 639 0000 14000000 		.4byte	0x14
 640 0004 0200     		.2byte	0x2
 641 0006 00000000 		.4byte	.Ldebug_info0
 642 000a 04       		.byte	0x4
 643 000b 00       		.byte	0
 644 000c 0000     		.2byte	0
 645 000e 0000     		.2byte	0
 646 0010 00000000 		.4byte	0
 647 0014 00000000 		.4byte	0
 648              		.section	.debug_line,"",%progbits
 649              	.Ldebug_line0:
 650 0000 4F000000 		.section	.debug_str,"MS",%progbits,1
 650      02004900 
 650      00000201 
 650      FB0E0D00 
 650      01010101 
 651              	.LASF19:
 652 0000 2E5C4765 		.ascii	".\\Generated_Source\\PSoC5\\cymetadata.c\000"
 652      6E657261 
 652      7465645F 
 652      536F7572 
 652      63655C50 
 653              	.LASF17:
 654 0026 63795F6D 		.ascii	"cy_metadata\000"
 654      65746164 
 654      61746100 
 655              	.LASF9:
 656 0032 666C6F61 		.ascii	"float\000"
 656      7400
 657              	.LASF20:
 658 0038 433A5C50 		.ascii	"C:\\PSoC5_Lab\\VoltageDisplay_DelSigADC\\VoltageDis"
 658      536F4335 
 658      5F4C6162 
 658      5C566F6C 
 658      74616765 
 659 0068 706C6179 		.ascii	"play_DelSigADC.cydsn\000"
 659      5F44656C 
 659      53696741 
 659      44432E63 
 659      7964736E 
 660              	.LASF1:
 661 007d 756E7369 		.ascii	"unsigned char\000"
ARM GAS  C:\Users\jissyai\AppData\Local\Temp\cc2PS6MV.s 			page 13


 661      676E6564 
 661      20636861 
 661      7200
 662              	.LASF5:
 663 008b 6C6F6E67 		.ascii	"long unsigned int\000"
 663      20756E73 
 663      69676E65 
 663      6420696E 
 663      7400
 664              	.LASF3:
 665 009d 73686F72 		.ascii	"short unsigned int\000"
 665      7420756E 
 665      7369676E 
 665      65642069 
 665      6E7400
 666              	.LASF10:
 667 00b0 646F7562 		.ascii	"double\000"
 667      6C6500
 668              	.LASF14:
 669 00b7 63795F6D 		.ascii	"cy_meta_custnvl\000"
 669      6574615F 
 669      63757374 
 669      6E766C00 
 670              	.LASF13:
 671 00c7 63795F6D 		.ascii	"cy_meta_configecc\000"
 671      6574615F 
 671      636F6E66 
 671      69676563 
 671      6300
 672              	.LASF8:
 673 00d9 756E7369 		.ascii	"unsigned int\000"
 673      676E6564 
 673      20696E74 
 673      00
 674              	.LASF7:
 675 00e6 6C6F6E67 		.ascii	"long long unsigned int\000"
 675      206C6F6E 
 675      6720756E 
 675      7369676E 
 675      65642069 
 676              	.LASF16:
 677 00fd 63795F6D 		.ascii	"cy_meta_flashprotect\000"
 677      6574615F 
 677      666C6173 
 677      6870726F 
 677      74656374 
 678              	.LASF15:
 679 0112 63795F6D 		.ascii	"cy_meta_wonvl\000"
 679      6574615F 
 679      776F6E76 
 679      6C00
 680              	.LASF12:
 681 0120 73697A65 		.ascii	"sizetype\000"
 681      74797065 
 681      00
 682              	.LASF6:
 683 0129 6C6F6E67 		.ascii	"long long int\000"
ARM GAS  C:\Users\jissyai\AppData\Local\Temp\cc2PS6MV.s 			page 14


 683      206C6F6E 
 683      6720696E 
 683      7400
 684              	.LASF11:
 685 0137 63686172 		.ascii	"char\000"
 685      00
 686              	.LASF2:
 687 013c 73686F72 		.ascii	"short int\000"
 687      7420696E 
 687      7400
 688              	.LASF21:
 689 0146 75696E74 		.ascii	"uint8\000"
 689      3800
 690              	.LASF18:
 691 014c 474E5520 		.ascii	"GNU C 4.7.3 20130312 (release) [ARM/embedded-4_7-br"
 691      4320342E 
 691      372E3320 
 691      32303133 
 691      30333132 
 692 017f 616E6368 		.ascii	"anch revision 196615]\000"
 692      20726576 
 692      6973696F 
 692      6E203139 
 692      36363135 
 693              	.LASF4:
 694 0195 6C6F6E67 		.ascii	"long int\000"
 694      20696E74 
 694      00
 695              	.LASF0:
 696 019e 7369676E 		.ascii	"signed char\000"
 696      65642063 
 696      68617200 
 697              		.ident	"GCC: (GNU Tools for ARM Embedded Processors) 4.7.3 20130312 (release) [ARM/embedded-4_7-br
