--------------- Build Started: 05/24/2017 13:51:29 Project: VoltageDisplay_DelSigADC, Configuration: ARM GCC 4.7.3 Debug ---------------
cydsfit.exe "-.appdatapath" "C:\Users\jissyai\AppData\Local\Cypress Semiconductor\PSoC Creator\3.0" "-.fdsnotice" "-.fdswarpdepfile=warp_dependencies.txt" "-.fdselabdepfile=elab_dependencies.txt" "-.fdsbldfile=generated_files.txt" "-p" "C:\PSoC5_Lab\VoltageDisplay_DelSigADC\VoltageDisplay_DelSigADC.cydsn\VoltageDisplay_DelSigADC.cyprj" "-d" "CY8C5868AXI-LP035" "-s" "C:\PSoC5_Lab\VoltageDisplay_DelSigADC\VoltageDisplay_DelSigADC.cydsn\Generated_Source\PSoC5" "--" "-yv2" "-v3" "-ygs" "-q10" "-o2" "-.fftcfgtype=LE"
Elaborating Design...
HDL Generation ...
Synthesis ...
Place and Route ...
Tech mapping ...
Info: mpr.M0037: Unused pieces of the design have been optimized out. See the Tech mapping section of the report file for details. (App=cydsfit)
Analog Placement ...
Info: apr.M0002: Analog signal "\ADC:Net_690\" is connected to one terminal only. (App=cydsfit)
Analog Routing ...
Analog Code Generation ...
Digital Placement ...
Digital Routing ...
Bitstream Generation ...
Static timing analysis ...
API Generation ...
Dependency Generation ...
Clean Temporary Files ...
arm-none-eabi-gcc.exe -I. -I./Generated_Source/PSoC5 -Wno-main -mcpu=cortex-m3 -mthumb -Wall -g -Wa,-alh=.\ARM_GCC_473\Debug\main.lst -ffunction-sections -c .\main.c -o .\ARM_GCC_473\Debug\main.o
arm-none-eabi-ar.exe -rs .\ARM_GCC_473\Debug\VoltageDisplay_DelSigADC.a .\ARM_GCC_473\Debug\cyfitter_cfg.o .\ARM_GCC_473\Debug\ADC.o .\ARM_GCC_473\Debug\ADC_PM.o .\ARM_GCC_473\Debug\ADC_INT.o .\ARM_GCC_473\Debug\VoltInput.o .\ARM_GCC_473\Debug\LCD.o .\ARM_GCC_473\Debug\LCD_PM.o .\ARM_GCC_473\Debug\ADC_AMux.o .\ARM_GCC_473\Debug\ADC_Ext_CP_Clk.o .\ARM_GCC_473\Debug\ADC_IRQ.o .\ARM_GCC_473\Debug\ADC_theACLK.o .\ARM_GCC_473\Debug\LCD_LCDPort.o .\ARM_GCC_473\Debug\CyBootAsmGnu.o .\ARM_GCC_473\Debug\CyDmac.o .\ARM_GCC_473\Debug\CyFlash.o .\ARM_GCC_473\Debug\CyLib.o .\ARM_GCC_473\Debug\cyPm.o .\ARM_GCC_473\Debug\CySpc.o .\ARM_GCC_473\Debug\cyutils.o .\ARM_GCC_473\Debug\USBUART_1.o .\ARM_GCC_473\Debug\USBUART_1_audio.o .\ARM_GCC_473\Debug\USBUART_1_boot.o .\ARM_GCC_473\Debug\USBUART_1_cdc.o .\ARM_GCC_473\Debug\USBUART_1_cls.o .\ARM_GCC_473\Debug\USBUART_1_descr.o .\ARM_GCC_473\Debug\USBUART_1_drv.o .\ARM_GCC_473\Debug\USBUART_1_episr.o .\ARM_GCC_473\Debug\USBUART_1_hid.o .\ARM_GCC_473\Debug\USBUART_1_pm.o .\ARM_GCC_473\Debug\USBUART_1_std.o .\ARM_GCC_473\Debug\USBUART_1_vnd.o .\ARM_GCC_473\Debug\USBUART_1_midi.o .\ARM_GCC_473\Debug\USBUART_1_Dm.o .\ARM_GCC_473\Debug\USBUART_1_Dp.o .\ARM_GCC_473\Debug\SW.o .\ARM_GCC_473\Debug\LED.o
arm-none-eabi-ar.exe: creating .\ARM_GCC_473\Debug\VoltageDisplay_DelSigADC.a
arm-none-eabi-gcc.exe -mthumb -march=armv7-m -mfix-cortex-m3-ldrd -T .\Generated_Source\PSoC5\cm3gcc.ld -g -Wl,-Map,.\ARM_GCC_473\Debug\VoltageDisplay_DelSigADC.map -specs=nano.specs -Wl,--gc-sections -Wl,--start-group -o .\ARM_GCC_473\Debug\VoltageDisplay_DelSigADC.elf .\ARM_GCC_473\Debug\main.o .\ARM_GCC_473\Debug\cymetadata.o .\ARM_GCC_473\Debug\Cm3Start.o .\ARM_GCC_473\Debug\VoltageDisplay_DelSigADC.a "C:\Program Files (x86)\Cypress\PSoC Creator\3.0\PSoC Creator\psoc\content\cycomponentlibrary\CyComponentLibrary.cylib\CortexM3\ARM_GCC_473\Debug\CyComponentLibrary.a" -Wl,--end-group
cyelftool.exe -C C:\PSoC5_Lab\VoltageDisplay_DelSigADC\VoltageDisplay_DelSigADC.cydsn\ARM_GCC_473\Debug\VoltageDisplay_DelSigADC.elf --flash_size 262144 --flash_row_size 256
cyelftool.exe -S C:\PSoC5_Lab\VoltageDisplay_DelSigADC\VoltageDisplay_DelSigADC.cydsn\ARM_GCC_473\Debug\VoltageDisplay_DelSigADC.elf
Flash used: 31256 of 262144 bytes (11.9%).
SRAM used: 21229 of 65536 bytes (32.4%).
--------------- Build Succeeded: 05/24/2017 13:51:45 ---------------
